mode: atomic
eduhub/server/main.go:32.13,35.16 2 0
eduhub/server/main.go:35.16,38.3 1 0
eduhub/server/main.go:41.2,45.16 3 0
eduhub/server/main.go:45.16,48.3 1 0
eduhub/server/main.go:50.2,50.43 1 0
eduhub/server/api/app/app.go:23.17,25.16 2 0
eduhub/server/api/app/app.go:25.16,26.13 1 0
eduhub/server/api/app/app.go:30.2,42.3 4 0
eduhub/server/api/app/app.go:45.29,56.2 5 0
eduhub/server/api/handler/attendance_handler.go:16.87,20.2 1 0
eduhub/server/api/handler/attendance_handler.go:22.66,26.16 3 0
eduhub/server/api/handler/attendance_handler.go:26.16,28.3 1 0
eduhub/server/api/handler/attendance_handler.go:30.2,31.16 2 0
eduhub/server/api/handler/attendance_handler.go:31.16,33.3 1 0
eduhub/server/api/handler/attendance_handler.go:34.2,35.16 2 0
eduhub/server/api/handler/attendance_handler.go:35.16,37.3 1 0
eduhub/server/api/handler/attendance_handler.go:38.2,39.16 2 0
eduhub/server/api/handler/attendance_handler.go:39.16,41.3 1 0
eduhub/server/api/handler/attendance_handler.go:42.2,42.40 1 0
eduhub/server/api/handler/attendance_handler.go:45.66,49.16 3 0
eduhub/server/api/handler/attendance_handler.go:49.16,51.3 1 0
eduhub/server/api/handler/attendance_handler.go:53.2,54.16 2 0
eduhub/server/api/handler/attendance_handler.go:54.16,56.3 1 0
eduhub/server/api/handler/attendance_handler.go:58.2,59.16 2 0
eduhub/server/api/handler/attendance_handler.go:59.16,61.3 1 0
eduhub/server/api/handler/attendance_handler.go:62.2,63.16 2 0
eduhub/server/api/handler/attendance_handler.go:63.16,65.3 1 0
eduhub/server/api/handler/attendance_handler.go:67.2,68.16 2 0
eduhub/server/api/handler/attendance_handler.go:68.16,70.3 1 0
eduhub/server/api/handler/attendance_handler.go:72.2,72.9 1 0
eduhub/server/api/handler/attendance_handler.go:72.9,74.3 1 0
eduhub/server/api/handler/attendance_handler.go:76.2,76.63 1 0
eduhub/server/api/handler/attendance_handler.go:79.73,83.16 3 0
eduhub/server/api/handler/attendance_handler.go:83.16,85.3 1 0
eduhub/server/api/handler/attendance_handler.go:87.2,88.16 2 0
eduhub/server/api/handler/attendance_handler.go:88.16,90.3 1 0
eduhub/server/api/handler/attendance_handler.go:92.2,93.16 2 0
eduhub/server/api/handler/attendance_handler.go:93.16,95.3 1 0
eduhub/server/api/handler/attendance_handler.go:96.2,96.54 1 0
eduhub/server/api/handler/attendance_handler.go:100.75,105.16 4 0
eduhub/server/api/handler/attendance_handler.go:105.16,107.3 1 0
eduhub/server/api/handler/attendance_handler.go:109.2,110.16 2 0
eduhub/server/api/handler/attendance_handler.go:110.16,112.3 1 0
eduhub/server/api/handler/attendance_handler.go:113.2,113.54 1 0
eduhub/server/api/handler/attendance_handler.go:116.83,120.16 3 0
eduhub/server/api/handler/attendance_handler.go:120.16,122.3 1 0
eduhub/server/api/handler/attendance_handler.go:123.2,124.16 2 0
eduhub/server/api/handler/attendance_handler.go:124.16,126.3 1 0
eduhub/server/api/handler/attendance_handler.go:128.2,129.16 2 0
eduhub/server/api/handler/attendance_handler.go:129.16,131.3 1 0
eduhub/server/api/handler/attendance_handler.go:133.2,134.16 2 0
eduhub/server/api/handler/attendance_handler.go:134.16,136.3 1 0
eduhub/server/api/handler/attendance_handler.go:137.2,137.44 1 0
eduhub/server/api/handler/auth.go:17.64,21.2 1 0
eduhub/server/api/handler/auth.go:24.66,26.16 2 0
eduhub/server/api/handler/auth.go:26.16,30.3 1 0
eduhub/server/api/handler/auth.go:31.2,31.36 1 0
eduhub/server/api/handler/auth.go:35.64,37.18 2 0
eduhub/server/api/handler/auth.go:37.18,39.3 1 0
eduhub/server/api/handler/auth.go:41.2,42.37 2 0
eduhub/server/api/handler/auth.go:42.37,44.3 1 0
eduhub/server/api/handler/auth.go:46.2,47.16 2 0
eduhub/server/api/handler/auth.go:47.16,49.3 1 0
eduhub/server/api/handler/auth.go:51.2,51.52 1 0
eduhub/server/api/handler/auth.go:55.57,59.2 2 0
eduhub/server/api/handler/auth.go:62.60,64.24 2 0
eduhub/server/api/handler/auth.go:64.24,66.3 1 0
eduhub/server/api/handler/auth.go:68.2,69.16 2 0
eduhub/server/api/handler/auth.go:69.16,71.3 1 0
eduhub/server/api/handler/auth.go:73.2,73.52 1 0
eduhub/server/api/handler/handlers.go:18.57,25.2 1 0
eduhub/server/api/handler/router.go:10.75,17.44 4 0
eduhub/server/api/handler/router.go:17.44,19.3 1 0
eduhub/server/api/handler/router.go:20.2,106.28 13 0
eduhub/server/api/handler/system_handler.go:18.74,22.2 1 0
eduhub/server/api/handler/system_handler.go:31.59,37.2 1 0
eduhub/server/api/handler/system_handler.go:47.59,49.2 1 0
eduhub/server/docs/docs.go:99.13,101.2 1 0
eduhub/server/internal/helpers/error.go:12.57,17.2 1 0
eduhub/server/internal/helpers/extractCollegeID.go:5.52,8.9 3 0
eduhub/server/internal/helpers/extractCollegeID.go:8.9,10.3 1 0
eduhub/server/internal/helpers/extractCollegeID.go:12.2,12.26 1 0
eduhub/server/internal/helpers/extractStudentID.go:9.52,12.9 3 0
eduhub/server/internal/helpers/extractStudentID.go:12.9,14.3 1 0
eduhub/server/internal/helpers/extractStudentID.go:15.2,15.26 1 0
eduhub/server/internal/helpers/extractStudentID.go:18.68,20.17 2 0
eduhub/server/internal/helpers/extractStudentID.go:20.17,22.3 1 0
eduhub/server/internal/helpers/extractStudentID.go:23.2,24.27 2 0
eduhub/server/internal/helpers/extractStudentID.go:24.27,26.3 1 0
eduhub/server/internal/helpers/extractStudentID.go:27.2,27.16 1 0
eduhub/server/internal/helpers/notFound.go:14.67,19.2 1 0
eduhub/server/internal/helpers/role.go:9.50,11.9 2 0
eduhub/server/internal/helpers/role.go:11.9,13.3 1 0
eduhub/server/internal/helpers/role.go:14.2,14.34 1 0
eduhub/server/internal/helpers/success.go:14.58,19.2 1 0
eduhub/server/internal/middleware/auth.go:39.105,44.2 1 0
eduhub/server/internal/middleware/auth.go:49.82,50.36 1 0
eduhub/server/internal/middleware/auth.go:50.36,52.25 2 0
eduhub/server/internal/middleware/auth.go:52.25,56.4 1 0
eduhub/server/internal/middleware/auth.go:58.3,59.17 2 0
eduhub/server/internal/middleware/auth.go:59.17,63.4 1 0
eduhub/server/internal/middleware/auth.go:66.3,67.17 2 0
eduhub/server/internal/middleware/auth.go:74.81,75.36 1 0
eduhub/server/internal/middleware/auth.go:75.36,77.10 2 0
eduhub/server/internal/middleware/auth.go:77.10,81.4 1 0
eduhub/server/internal/middleware/auth.go:82.3,85.17 3 0
eduhub/server/internal/middleware/auth.go:89.85,90.36 1 0
eduhub/server/internal/middleware/auth.go:90.36,92.29 2 0
eduhub/server/internal/middleware/auth.go:92.29,94.4 1 0
eduhub/server/internal/middleware/auth.go:95.3,97.42 3 0
eduhub/server/internal/middleware/auth.go:97.42,101.18 2 0
eduhub/server/internal/middleware/auth.go:101.18,103.5 1 0
eduhub/server/internal/middleware/auth.go:104.4,104.22 1 0
eduhub/server/internal/middleware/auth.go:104.22,106.5 1 0
eduhub/server/internal/middleware/auth.go:107.4,107.25 1 0
eduhub/server/internal/middleware/auth.go:107.25,109.5 1 0
eduhub/server/internal/middleware/auth.go:110.4,110.49 1 0
eduhub/server/internal/middleware/auth.go:112.3,112.17 1 0
eduhub/server/internal/middleware/auth.go:116.75,117.54 1 0
eduhub/server/internal/middleware/auth.go:117.54,118.37 1 0
eduhub/server/internal/middleware/auth.go:118.37,120.11 2 0
eduhub/server/internal/middleware/auth.go:120.11,124.5 1 0
eduhub/server/internal/middleware/auth.go:126.4,126.31 1 0
eduhub/server/internal/middleware/auth.go:126.31,127.46 1 0
eduhub/server/internal/middleware/auth.go:127.46,129.6 1 0
eduhub/server/internal/middleware/auth.go:132.4,134.6 1 0
eduhub/server/internal/middleware/auth.go:139.98,140.54 1 0
eduhub/server/internal/middleware/auth.go:140.54,141.37 1 0
eduhub/server/internal/middleware/auth.go:141.37,143.11 2 0
eduhub/server/internal/middleware/auth.go:143.11,147.5 1 0
eduhub/server/internal/middleware/auth.go:148.4,149.18 2 0
eduhub/server/internal/middleware/auth.go:149.18,153.5 1 0
eduhub/server/internal/middleware/auth.go:154.4,154.16 1 0
eduhub/server/internal/middleware/auth.go:154.16,158.5 1 0
eduhub/server/internal/middleware/auth.go:159.4,159.18 1 0
eduhub/server/internal/middleware/auth.go:165.89,166.36 1 0
eduhub/server/internal/middleware/auth.go:166.36,168.29 2 0
eduhub/server/internal/middleware/auth.go:168.29,170.4 1 0
eduhub/server/internal/middleware/auth.go:173.3,174.36 2 0
eduhub/server/internal/middleware/auth.go:174.36,176.4 1 0
eduhub/server/internal/middleware/auth.go:179.3,180.17 2 0
eduhub/server/internal/middleware/auth.go:180.17,182.4 1 0
eduhub/server/internal/middleware/auth.go:185.3,185.57 1 0
eduhub/server/internal/middleware/auth.go:185.57,188.30 2 0
eduhub/server/internal/middleware/auth.go:188.30,190.5 1 0
eduhub/server/internal/middleware/auth.go:193.3,193.17 1 0
eduhub/server/internal/middleware/middleware.go:12.61,19.2 3 0
eduhub/server/internal/services/services.go:21.48,36.2 9 0
eduhub/server/internal/services/attendance/attendance_service.go:37.173,43.2 1 0
eduhub/server/internal/services/attendance/attendance_service.go:45.147,47.2 1 0
eduhub/server/internal/services/attendance/attendance_service.go:50.131,52.2 1 0
eduhub/server/internal/services/attendance/attendance_service.go:54.133,56.2 1 0
eduhub/server/internal/services/attendance/attendance_service.go:58.156,60.2 1 0
eduhub/server/internal/services/attendance/attendance_service.go:62.130,64.9 2 0
eduhub/server/internal/services/attendance/attendance_service.go:64.9,66.3 1 0
eduhub/server/internal/services/attendance/attendance_service.go:67.2,67.16 1 0
eduhub/server/internal/services/attendance/attendance_service.go:67.16,69.3 1 0
eduhub/server/internal/services/attendance/attendance_service.go:72.2,73.16 2 0
eduhub/server/internal/services/attendance/attendance_service.go:73.16,75.3 1 0
eduhub/server/internal/services/attendance/attendance_service.go:77.2,77.16 1 0
eduhub/server/internal/services/attendance/attendance_service.go:80.140,82.16 2 0
eduhub/server/internal/services/attendance/attendance_service.go:82.16,84.3 1 0
eduhub/server/internal/services/attendance/attendance_service.go:85.2,85.23 1 0
eduhub/server/internal/services/attendance/attendance_service.go:85.23,87.3 1 0
eduhub/server/internal/services/attendance/attendance_service.go:88.2,88.36 1 0
eduhub/server/internal/services/attendance/attendance_service.go:88.36,90.3 1 0
eduhub/server/internal/services/attendance/attendance_service.go:92.2,93.20 2 0
eduhub/server/internal/services/attendance/attendance_service.go:96.136,98.16 2 0
eduhub/server/internal/services/attendance/attendance_service.go:98.16,100.3 1 0
eduhub/server/internal/services/attendance/attendance_service.go:101.2,102.16 2 0
eduhub/server/internal/services/attendance/attendance_service.go:102.16,104.3 1 0
eduhub/server/internal/services/attendance/attendance_service.go:105.2,105.12 1 0
eduhub/server/internal/services/attendance/attendance_service.go:108.173,109.23 1 0
eduhub/server/internal/services/attendance/attendance_service.go:110.15,111.25 1 0
eduhub/server/internal/services/attendance/attendance_service.go:113.14,114.26 1 0
eduhub/server/internal/services/attendance/attendance_service.go:117.2,118.16 2 0
eduhub/server/internal/services/attendance/attendance_service.go:118.16,120.3 1 0
eduhub/server/internal/services/attendance/attendance_service.go:121.2,121.18 1 0
eduhub/server/internal/services/attendance/attendance_service.go:124.107,126.16 2 0
eduhub/server/internal/services/attendance/attendance_service.go:126.16,128.3 1 0
eduhub/server/internal/services/attendance/attendance_service.go:129.2,129.18 1 0
eduhub/server/internal/services/attendance/attendance_service.go:132.100,135.2 2 0
eduhub/server/internal/services/attendance/attendance_service.go:137.102,140.2 2 0
eduhub/server/internal/services/attendance/qrscanner.go:24.125,38.16 5 0
eduhub/server/internal/services/attendance/qrscanner.go:38.16,40.3 1 0
eduhub/server/internal/services/attendance/qrscanner.go:41.2,42.16 2 0
eduhub/server/internal/services/attendance/qrscanner.go:42.16,44.3 1 0
eduhub/server/internal/services/attendance/qrscanner.go:45.2,46.22 2 0
eduhub/server/internal/services/attendance/qrscanner.go:50.122,52.71 2 0
eduhub/server/internal/services/attendance/qrscanner.go:52.71,54.3 1 0
eduhub/server/internal/services/attendance/qrscanner.go:56.2,57.13 2 0
eduhub/server/internal/services/attendance/qrscanner.go:57.13,59.3 1 0
eduhub/server/internal/services/attendance/qrscanner.go:60.2,60.16 1 0
eduhub/server/internal/services/attendance/qrscanner.go:60.16,62.3 1 0
eduhub/server/internal/services/attendance/qrscanner.go:63.2,63.12 1 0
eduhub/server/internal/services/auth/assignment_helper.go:13.46,17.2 1 0
eduhub/server/internal/services/auth/assignment_helper.go:19.91,21.37 2 0
eduhub/server/internal/services/auth/assignment_helper.go:21.37,22.94 1 0
eduhub/server/internal/services/auth/assignment_helper.go:22.94,25.4 2 0
eduhub/server/internal/services/auth/assignment_helper.go:27.2,27.8 1 0
eduhub/server/internal/services/auth/assignment_helper.go:30.91,32.37 2 0
eduhub/server/internal/services/auth/assignment_helper.go:32.37,33.94 1 0
eduhub/server/internal/services/auth/assignment_helper.go:33.94,35.4 1 0
eduhub/server/internal/services/auth/assignment_helper.go:39.93,41.37 2 0
eduhub/server/internal/services/auth/assignment_helper.go:41.37,42.101 1 0
eduhub/server/internal/services/auth/assignment_helper.go:42.101,44.4 1 0
eduhub/server/internal/services/auth/assignment_helper.go:46.2,46.8 1 0
eduhub/server/internal/services/auth/assignment_helper.go:49.122,50.41 1 0
eduhub/server/internal/services/auth/assignment_helper.go:50.41,51.97 1 0
eduhub/server/internal/services/auth/assignment_helper.go:51.97,53.4 1 0
eduhub/server/internal/services/auth/assignment_helper.go:55.2,55.12 1 0
eduhub/server/internal/services/auth/assignment_helper.go:59.117,61.14 2 0
eduhub/server/internal/services/auth/assignment_helper.go:62.17,63.56 1 0
eduhub/server/internal/services/auth/assignment_helper.go:64.17,65.48 1 0
eduhub/server/internal/services/auth/assignment_helper.go:66.10,67.57 1 0
eduhub/server/internal/services/auth/assignment_helper.go:70.2,70.41 1 0
eduhub/server/internal/services/auth/assignment_helper.go:70.41,71.101 1 0
eduhub/server/internal/services/auth/assignment_helper.go:71.101,73.4 1 0
eduhub/server/internal/services/auth/assignment_helper.go:75.2,75.12 1 0
eduhub/server/internal/services/auth/assignment_helper.go:79.126,81.17 2 0
eduhub/server/internal/services/auth/assignment_helper.go:81.17,83.3 1 0
eduhub/server/internal/services/auth/assignment_helper.go:85.2,85.104 1 0
eduhub/server/internal/services/auth/assignment_helper.go:85.104,87.3 1 0
eduhub/server/internal/services/auth/assignment_helper.go:88.2,88.12 1 0
eduhub/server/internal/services/auth/auth_service.go:26.75,31.2 1 0
eduhub/server/internal/services/auth/auth_service.go:33.93,35.2 1 0
eduhub/server/internal/services/auth/auth_service.go:37.124,39.2 1 0
eduhub/server/internal/services/auth/auth_service.go:41.100,43.2 1 0
eduhub/server/internal/services/auth/auth_service.go:45.85,47.2 1 0
eduhub/server/internal/services/auth/auth_service.go:49.69,51.2 1 0
eduhub/server/internal/services/auth/auth_service.go:53.128,55.2 1 0
eduhub/server/internal/services/auth/auth_service.go:57.93,59.2 1 0
eduhub/server/internal/services/auth/auth_service.go:61.93,63.2 1 0
eduhub/server/internal/services/auth/auth_service.go:65.101,67.2 1 0
eduhub/server/internal/services/auth/auth_service.go:69.104,71.2 1 0
eduhub/server/internal/services/auth/auth_service.go:73.45,75.2 1 0
eduhub/server/internal/services/auth/keto_service.go:28.36,34.2 1 0
eduhub/server/internal/services/auth/keto_service.go:36.119,46.16 4 0
eduhub/server/internal/services/auth/keto_service.go:46.16,48.3 1 0
eduhub/server/internal/services/auth/keto_service.go:50.2,51.32 2 0
eduhub/server/internal/services/auth/keto_service.go:51.32,53.3 1 0
eduhub/server/internal/services/auth/keto_service.go:54.2,57.16 3 0
eduhub/server/internal/services/auth/keto_service.go:57.16,59.3 1 0
eduhub/server/internal/services/auth/keto_service.go:60.2,65.67 3 0
eduhub/server/internal/services/auth/keto_service.go:65.67,67.3 1 0
eduhub/server/internal/services/auth/keto_service.go:69.2,69.28 1 0
eduhub/server/internal/services/auth/keto_service.go:72.110,82.16 4 0
eduhub/server/internal/services/auth/keto_service.go:82.16,84.3 1 0
eduhub/server/internal/services/auth/keto_service.go:86.2,87.16 2 0
eduhub/server/internal/services/auth/keto_service.go:87.16,89.3 1 0
eduhub/server/internal/services/auth/keto_service.go:90.2,93.16 3 0
eduhub/server/internal/services/auth/keto_service.go:93.16,95.3 1 0
eduhub/server/internal/services/auth/keto_service.go:96.2,98.43 2 0
eduhub/server/internal/services/auth/keto_service.go:98.43,100.3 1 0
eduhub/server/internal/services/auth/keto_service.go:102.2,102.12 1 0
eduhub/server/internal/services/auth/keto_service.go:105.110,115.16 4 0
eduhub/server/internal/services/auth/keto_service.go:115.16,117.3 1 0
eduhub/server/internal/services/auth/keto_service.go:119.2,120.32 2 0
eduhub/server/internal/services/auth/keto_service.go:120.32,122.3 1 0
eduhub/server/internal/services/auth/keto_service.go:123.2,126.16 3 0
eduhub/server/internal/services/auth/keto_service.go:126.16,128.3 1 0
eduhub/server/internal/services/auth/keto_service.go:129.2,131.45 2 0
eduhub/server/internal/services/auth/keto_service.go:131.45,133.3 1 0
eduhub/server/internal/services/auth/keto_service.go:135.2,135.12 1 0
eduhub/server/internal/services/auth/kratos_service.go:58.40,64.2 1 0
eduhub/server/internal/services/auth/kratos_service.go:67.103,70.16 3 0
eduhub/server/internal/services/auth/kratos_service.go:70.16,72.3 1 0
eduhub/server/internal/services/auth/kratos_service.go:74.2,75.16 2 0
eduhub/server/internal/services/auth/kratos_service.go:75.16,77.3 1 0
eduhub/server/internal/services/auth/kratos_service.go:78.2,81.67 3 0
eduhub/server/internal/services/auth/kratos_service.go:81.67,83.3 1 0
eduhub/server/internal/services/auth/kratos_service.go:85.2,85.20 1 0
eduhub/server/internal/services/auth/kratos_service.go:89.129,91.16 2 0
eduhub/server/internal/services/auth/kratos_service.go:91.16,93.3 1 0
eduhub/server/internal/services/auth/kratos_service.go:95.2,97.16 3 0
eduhub/server/internal/services/auth/kratos_service.go:97.16,99.3 1 0
eduhub/server/internal/services/auth/kratos_service.go:100.2,103.16 3 0
eduhub/server/internal/services/auth/kratos_service.go:103.16,105.3 1 0
eduhub/server/internal/services/auth/kratos_service.go:106.2,109.69 3 0
eduhub/server/internal/services/auth/kratos_service.go:109.69,111.3 1 0
eduhub/server/internal/services/auth/kratos_service.go:113.2,113.23 1 0
eduhub/server/internal/services/auth/kratos_service.go:117.102,120.16 3 0
eduhub/server/internal/services/auth/kratos_service.go:120.16,122.3 1 0
eduhub/server/internal/services/auth/kratos_service.go:123.2,126.16 3 0
eduhub/server/internal/services/auth/kratos_service.go:126.16,128.3 1 0
eduhub/server/internal/services/auth/kratos_service.go:129.2,131.38 2 0
eduhub/server/internal/services/auth/kratos_service.go:131.38,133.3 1 0
eduhub/server/internal/services/auth/kratos_service.go:135.2,138.67 2 0
eduhub/server/internal/services/auth/kratos_service.go:138.67,140.3 1 0
eduhub/server/internal/services/auth/kratos_service.go:142.2,142.30 1 0
eduhub/server/internal/services/auth/kratos_service.go:146.87,148.2 1 0
eduhub/server/internal/services/auth/kratos_service.go:151.71,153.2 1 0
eduhub/server/internal/services/auth/kratos_service.go:156.47,158.2 1 0
eduhub/server/internal/services/auth/permission_helper.go:9.62,11.2 1 0
eduhub/server/internal/services/auth/permission_helper.go:14.103,16.2 1 0
eduhub/server/internal/services/auth/permission_helper.go:18.106,20.2 1 0
eduhub/server/internal/services/auth/permission_helper.go:23.112,25.2 1 0
eduhub/server/internal/services/auth/permission_helper.go:28.116,30.2 1 0
eduhub/server/internal/services/auth/validators.go:43.69,45.13 2 0
eduhub/server/internal/services/auth/validators.go:45.13,47.3 1 0
eduhub/server/internal/services/auth/validators.go:49.2,49.26 1 0
eduhub/server/internal/services/auth/validators.go:49.26,51.3 1 0
eduhub/server/internal/services/auth/validators.go:53.2,53.12 1 0
eduhub/server/internal/services/student/student_service.go:27.169,33.2 1 0
eduhub/server/internal/services/student/student_service.go:35.92,37.2 1 0
eduhub/server/internal/services/student/student_service.go:39.104,42.2 2 0
eduhub/server/internal/services/student/student_service.go:44.106,47.2 2 0
eduhub/server/internal/services/student/student_service.go:49.113,52.2 2 0
eduhub/server/internal/services/student/student_service.go:54.90,56.2 1 0
eduhub/server/internal/services/student/student_service.go:58.82,60.2 1 0
eduhub/server/internal/services/student/student_service.go:62.84,64.2 1 0
eduhub/server/internal/services/student/student_service.go:66.121,68.2 1 0
eduhub/server/internal/services/system/system_service.go:23.49,24.15 1 0
eduhub/server/internal/services/system/system_service.go:24.15,28.3 1 0
eduhub/server/internal/services/system/system_service.go:29.2,31.3 1 0
eduhub/server/internal/services/system/system_service.go:35.64,36.17 1 0
eduhub/server/internal/services/system/system_service.go:36.17,38.3 1 0
eduhub/server/internal/services/system/system_service.go:40.2,40.46 1 0
eduhub/server/internal/services/system/system_service.go:40.46,42.3 1 0
eduhub/server/internal/services/system/system_service.go:43.2,43.12 1 0
eduhub/server/logger/logger.go:9.28,14.2 2 0
eduhub/server/logger/logger.go:16.61,18.2 1 0
eduhub/server/logger/logger.go:20.62,22.2 1 0
eduhub/server/logger/logger.go:24.55,26.31 2 0
eduhub/server/logger/logger.go:26.31,27.37 1 0
eduhub/server/logger/logger.go:27.37,29.4 1 0
eduhub/server/logger/logger.go:31.2,31.18 1 0
eduhub/server/mocks/AttendanceRepository.go:18.107,22.70 3 0
eduhub/server/mocks/AttendanceRepository.go:22.70,24.3 1 0
eduhub/server/mocks/AttendanceRepository.go:24.8,26.3 1 0
eduhub/server/mocks/AttendanceRepository.go:28.2,28.11 1 0
eduhub/server/mocks/AttendanceRepository.go:32.135,36.85 3 0
eduhub/server/mocks/AttendanceRepository.go:36.85,38.3 1 0
eduhub/server/mocks/AttendanceRepository.go:38.8,39.24 1 0
eduhub/server/mocks/AttendanceRepository.go:39.24,41.4 1 0
eduhub/server/mocks/AttendanceRepository.go:44.2,45.70 2 0
eduhub/server/mocks/AttendanceRepository.go:45.70,47.3 1 0
eduhub/server/mocks/AttendanceRepository.go:47.8,49.3 1 0
eduhub/server/mocks/AttendanceRepository.go:51.2,51.15 1 0
eduhub/server/mocks/AttendanceRepository.go:55.151,59.90 3 0
eduhub/server/mocks/AttendanceRepository.go:59.90,61.3 1 0
eduhub/server/mocks/AttendanceRepository.go:61.8,62.24 1 0
eduhub/server/mocks/AttendanceRepository.go:62.24,64.4 1 0
eduhub/server/mocks/AttendanceRepository.go:67.2,68.75 2 0
eduhub/server/mocks/AttendanceRepository.go:68.75,70.3 1 0
eduhub/server/mocks/AttendanceRepository.go:70.8,72.3 1 0
eduhub/server/mocks/AttendanceRepository.go:74.2,74.15 1 0
eduhub/server/mocks/AttendanceRepository.go:78.135,82.85 3 0
eduhub/server/mocks/AttendanceRepository.go:82.85,84.3 1 0
eduhub/server/mocks/AttendanceRepository.go:84.8,85.24 1 0
eduhub/server/mocks/AttendanceRepository.go:85.24,87.4 1 0
eduhub/server/mocks/AttendanceRepository.go:90.2,91.70 2 0
eduhub/server/mocks/AttendanceRepository.go:91.70,93.3 1 0
eduhub/server/mocks/AttendanceRepository.go:93.8,95.3 1 0
eduhub/server/mocks/AttendanceRepository.go:97.2,97.15 1 0
eduhub/server/mocks/AttendanceRepository.go:101.157,105.90 3 0
eduhub/server/mocks/AttendanceRepository.go:105.90,107.3 1 0
eduhub/server/mocks/AttendanceRepository.go:107.8,108.24 1 0
eduhub/server/mocks/AttendanceRepository.go:108.24,110.4 1 0
eduhub/server/mocks/AttendanceRepository.go:113.2,114.75 2 0
eduhub/server/mocks/AttendanceRepository.go:114.75,116.3 1 0
eduhub/server/mocks/AttendanceRepository.go:116.8,118.3 1 0
eduhub/server/mocks/AttendanceRepository.go:120.2,120.15 1 0
eduhub/server/mocks/AttendanceRepository.go:124.142,128.79 3 0
eduhub/server/mocks/AttendanceRepository.go:128.79,130.3 1 0
eduhub/server/mocks/AttendanceRepository.go:130.8,132.3 1 0
eduhub/server/mocks/AttendanceRepository.go:134.2,135.80 2 0
eduhub/server/mocks/AttendanceRepository.go:135.80,137.3 1 0
eduhub/server/mocks/AttendanceRepository.go:137.8,139.3 1 0
eduhub/server/mocks/AttendanceRepository.go:141.2,141.15 1 0
eduhub/server/mocks/AttendanceRepository.go:145.151,149.88 3 0
eduhub/server/mocks/AttendanceRepository.go:149.88,151.3 1 0
eduhub/server/mocks/AttendanceRepository.go:151.8,153.3 1 0
eduhub/server/mocks/AttendanceRepository.go:155.2,155.11 1 0
eduhub/server/mocks/AttendanceRepository.go:164.102,168.19 3 0
eduhub/server/mocks/AttendanceRepository.go:168.19,168.49 1 0
eduhub/server/mocks/AttendanceRepository.go:170.2,170.13 1 0
eduhub/server/mocks/AttendanceService.go:18.112,22.69 3 0
eduhub/server/mocks/AttendanceService.go:22.69,24.3 1 0
eduhub/server/mocks/AttendanceService.go:24.8,26.3 1 0
eduhub/server/mocks/AttendanceService.go:28.2,29.70 2 0
eduhub/server/mocks/AttendanceService.go:29.70,31.3 1 0
eduhub/server/mocks/AttendanceService.go:31.8,33.3 1 0
eduhub/server/mocks/AttendanceService.go:35.2,35.15 1 0
eduhub/server/mocks/AttendanceService.go:39.101,43.73 3 0
eduhub/server/mocks/AttendanceService.go:43.73,45.3 1 0
eduhub/server/mocks/AttendanceService.go:45.8,47.3 1 0
eduhub/server/mocks/AttendanceService.go:49.2,49.11 1 0
eduhub/server/mocks/AttendanceService.go:53.126,57.76 3 0
eduhub/server/mocks/AttendanceService.go:57.76,59.3 1 0
eduhub/server/mocks/AttendanceService.go:59.8,61.3 1 0
eduhub/server/mocks/AttendanceService.go:63.2,64.75 2 0
eduhub/server/mocks/AttendanceService.go:64.75,66.3 1 0
eduhub/server/mocks/AttendanceService.go:66.8,68.3 1 0
eduhub/server/mocks/AttendanceService.go:70.2,70.15 1 0
eduhub/server/mocks/AttendanceService.go:74.132,78.85 3 0
eduhub/server/mocks/AttendanceService.go:78.85,80.3 1 0
eduhub/server/mocks/AttendanceService.go:80.8,81.24 1 0
eduhub/server/mocks/AttendanceService.go:81.24,83.4 1 0
eduhub/server/mocks/AttendanceService.go:86.2,87.70 2 0
eduhub/server/mocks/AttendanceService.go:87.70,89.3 1 0
eduhub/server/mocks/AttendanceService.go:89.8,91.3 1 0
eduhub/server/mocks/AttendanceService.go:93.2,93.15 1 0
eduhub/server/mocks/AttendanceService.go:97.148,101.90 3 0
eduhub/server/mocks/AttendanceService.go:101.90,103.3 1 0
eduhub/server/mocks/AttendanceService.go:103.8,104.24 1 0
eduhub/server/mocks/AttendanceService.go:104.24,106.4 1 0
eduhub/server/mocks/AttendanceService.go:109.2,110.75 2 0
eduhub/server/mocks/AttendanceService.go:110.75,112.3 1 0
eduhub/server/mocks/AttendanceService.go:112.8,114.3 1 0
eduhub/server/mocks/AttendanceService.go:116.2,116.15 1 0
eduhub/server/mocks/AttendanceService.go:120.134,124.85 3 0
eduhub/server/mocks/AttendanceService.go:124.85,126.3 1 0
eduhub/server/mocks/AttendanceService.go:126.8,127.24 1 0
eduhub/server/mocks/AttendanceService.go:127.24,129.4 1 0
eduhub/server/mocks/AttendanceService.go:132.2,133.70 2 0
eduhub/server/mocks/AttendanceService.go:133.70,135.3 1 0
eduhub/server/mocks/AttendanceService.go:135.8,137.3 1 0
eduhub/server/mocks/AttendanceService.go:139.2,139.15 1 0
eduhub/server/mocks/AttendanceService.go:143.157,147.90 3 0
eduhub/server/mocks/AttendanceService.go:147.90,149.3 1 0
eduhub/server/mocks/AttendanceService.go:149.8,150.24 1 0
eduhub/server/mocks/AttendanceService.go:150.24,152.4 1 0
eduhub/server/mocks/AttendanceService.go:155.2,156.75 2 0
eduhub/server/mocks/AttendanceService.go:156.75,158.3 1 0
eduhub/server/mocks/AttendanceService.go:158.8,160.3 1 0
eduhub/server/mocks/AttendanceService.go:162.2,162.15 1 0
eduhub/server/mocks/AttendanceService.go:166.139,170.79 3 0
eduhub/server/mocks/AttendanceService.go:170.79,172.3 1 0
eduhub/server/mocks/AttendanceService.go:172.8,174.3 1 0
eduhub/server/mocks/AttendanceService.go:176.2,177.80 2 0
eduhub/server/mocks/AttendanceService.go:177.80,179.3 1 0
eduhub/server/mocks/AttendanceService.go:179.8,181.3 1 0
eduhub/server/mocks/AttendanceService.go:183.2,183.15 1 0
eduhub/server/mocks/AttendanceService.go:187.123,191.78 3 0
eduhub/server/mocks/AttendanceService.go:191.78,193.3 1 0
eduhub/server/mocks/AttendanceService.go:193.8,195.3 1 0
eduhub/server/mocks/AttendanceService.go:197.2,197.11 1 0
eduhub/server/mocks/AttendanceService.go:201.103,205.73 3 0
eduhub/server/mocks/AttendanceService.go:205.73,207.3 1 0
eduhub/server/mocks/AttendanceService.go:207.8,209.3 1 0
eduhub/server/mocks/AttendanceService.go:211.2,211.11 1 0
eduhub/server/mocks/AttendanceService.go:215.185,219.95 3 0
eduhub/server/mocks/AttendanceService.go:219.95,221.3 1 0
eduhub/server/mocks/AttendanceService.go:221.8,223.3 1 0
eduhub/server/mocks/AttendanceService.go:225.2,226.96 2 0
eduhub/server/mocks/AttendanceService.go:226.96,228.3 1 0
eduhub/server/mocks/AttendanceService.go:228.8,230.3 1 0
eduhub/server/mocks/AttendanceService.go:232.2,232.15 1 0
eduhub/server/mocks/AttendanceService.go:236.141,240.74 3 0
eduhub/server/mocks/AttendanceService.go:240.74,242.3 1 0
eduhub/server/mocks/AttendanceService.go:242.8,244.3 1 0
eduhub/server/mocks/AttendanceService.go:246.2,247.75 2 0
eduhub/server/mocks/AttendanceService.go:247.75,249.3 1 0
eduhub/server/mocks/AttendanceService.go:249.8,251.3 1 0
eduhub/server/mocks/AttendanceService.go:253.2,253.15 1 0
eduhub/server/mocks/AttendanceService.go:262.93,266.19 3 0
eduhub/server/mocks/AttendanceService.go:266.19,266.49 1 0
eduhub/server/mocks/AttendanceService.go:268.2,268.13 1 0
eduhub/server/mocks/AuthService.go:18.116,22.84 3 0
eduhub/server/mocks/AuthService.go:22.84,24.3 1 0
eduhub/server/mocks/AuthService.go:24.8,26.3 1 0
eduhub/server/mocks/AuthService.go:28.2,28.11 1 0
eduhub/server/mocks/AuthService.go:32.94,36.76 3 0
eduhub/server/mocks/AuthService.go:36.76,38.3 1 0
eduhub/server/mocks/AuthService.go:38.8,40.3 1 0
eduhub/server/mocks/AuthService.go:42.2,42.11 1 0
eduhub/server/mocks/AuthService.go:46.91,50.66 3 0
eduhub/server/mocks/AuthService.go:50.66,52.3 1 0
eduhub/server/mocks/AuthService.go:52.8,54.3 1 0
eduhub/server/mocks/AuthService.go:56.2,56.11 1 0
eduhub/server/mocks/AuthService.go:60.148,64.99 3 0
eduhub/server/mocks/AuthService.go:64.99,66.3 1 0
eduhub/server/mocks/AuthService.go:66.8,68.3 1 0
eduhub/server/mocks/AuthService.go:70.2,71.100 2 0
eduhub/server/mocks/AuthService.go:71.100,73.3 1 0
eduhub/server/mocks/AuthService.go:73.8,75.3 1 0
eduhub/server/mocks/AuthService.go:77.2,77.15 1 0
eduhub/server/mocks/AuthService.go:81.135,85.103 3 0
eduhub/server/mocks/AuthService.go:85.103,87.3 1 0
eduhub/server/mocks/AuthService.go:87.8,88.24 1 0
eduhub/server/mocks/AuthService.go:88.24,90.4 1 0
eduhub/server/mocks/AuthService.go:93.2,94.94 2 0
eduhub/server/mocks/AuthService.go:94.94,96.3 1 0
eduhub/server/mocks/AuthService.go:96.8,98.3 1 0
eduhub/server/mocks/AuthService.go:100.2,100.15 1 0
eduhub/server/mocks/AuthService.go:104.46,108.46 3 0
eduhub/server/mocks/AuthService.go:108.46,110.3 1 0
eduhub/server/mocks/AuthService.go:110.8,112.3 1 0
eduhub/server/mocks/AuthService.go:114.2,114.11 1 0
eduhub/server/mocks/AuthService.go:118.75,122.66 3 0
eduhub/server/mocks/AuthService.go:122.66,124.3 1 0
eduhub/server/mocks/AuthService.go:124.8,126.3 1 0
eduhub/server/mocks/AuthService.go:128.2,128.11 1 0
eduhub/server/mocks/AuthService.go:132.102,136.77 3 0
eduhub/server/mocks/AuthService.go:136.77,138.3 1 0
eduhub/server/mocks/AuthService.go:138.8,139.24 1 0
eduhub/server/mocks/AuthService.go:139.24,141.4 1 0
eduhub/server/mocks/AuthService.go:144.2,145.60 2 0
eduhub/server/mocks/AuthService.go:145.60,147.3 1 0
eduhub/server/mocks/AuthService.go:147.8,149.3 1 0
eduhub/server/mocks/AuthService.go:151.2,151.15 1 0
eduhub/server/mocks/AuthService.go:155.119,159.84 3 0
eduhub/server/mocks/AuthService.go:159.84,161.3 1 0
eduhub/server/mocks/AuthService.go:161.8,163.3 1 0
eduhub/server/mocks/AuthService.go:165.2,165.11 1 0
eduhub/server/mocks/AuthService.go:169.94,173.76 3 0
eduhub/server/mocks/AuthService.go:173.76,175.3 1 0
eduhub/server/mocks/AuthService.go:175.8,177.3 1 0
eduhub/server/mocks/AuthService.go:179.2,179.11 1 0
eduhub/server/mocks/AuthService.go:183.106,187.77 3 0
eduhub/server/mocks/AuthService.go:187.77,189.3 1 0
eduhub/server/mocks/AuthService.go:189.8,190.24 1 0
eduhub/server/mocks/AuthService.go:190.24,192.4 1 0
eduhub/server/mocks/AuthService.go:195.2,196.68 2 0
eduhub/server/mocks/AuthService.go:196.68,198.3 1 0
eduhub/server/mocks/AuthService.go:198.8,200.3 1 0
eduhub/server/mocks/AuthService.go:202.2,202.15 1 0
eduhub/server/mocks/AuthService.go:211.75,215.19 3 0
eduhub/server/mocks/AuthService.go:215.19,215.49 1 0
eduhub/server/mocks/AuthService.go:217.2,217.13 1 0
eduhub/server/mocks/CourseRepository.go:18.92,22.76 3 0
eduhub/server/mocks/CourseRepository.go:22.76,24.3 1 0
eduhub/server/mocks/CourseRepository.go:24.8,26.3 1 0
eduhub/server/mocks/CourseRepository.go:28.2,28.11 1 0
eduhub/server/mocks/CourseRepository.go:37.90,41.19 3 0
eduhub/server/mocks/CourseRepository.go:41.19,41.49 1 0
eduhub/server/mocks/CourseRepository.go:43.2,43.13 1 0
eduhub/server/mocks/DatabaseRepository.go:17.109,24.82 6 0
eduhub/server/mocks/DatabaseRepository.go:24.82,26.3 1 0
eduhub/server/mocks/DatabaseRepository.go:26.8,28.3 1 0
eduhub/server/mocks/DatabaseRepository.go:30.2,31.84 2 0
eduhub/server/mocks/DatabaseRepository.go:31.84,33.3 1 0
eduhub/server/mocks/DatabaseRepository.go:33.8,35.3 1 0
eduhub/server/mocks/DatabaseRepository.go:37.2,37.15 1 0
eduhub/server/mocks/DatabaseRepository.go:41.78,45.64 3 0
eduhub/server/mocks/DatabaseRepository.go:45.64,47.3 1 0
eduhub/server/mocks/DatabaseRepository.go:47.8,49.3 1 0
eduhub/server/mocks/DatabaseRepository.go:51.2,51.11 1 0
eduhub/server/mocks/DatabaseRepository.go:55.85,59.66 3 0
eduhub/server/mocks/DatabaseRepository.go:59.66,61.3 1 0
eduhub/server/mocks/DatabaseRepository.go:61.8,63.3 1 0
eduhub/server/mocks/DatabaseRepository.go:65.2,65.11 1 0
eduhub/server/mocks/DatabaseRepository.go:69.78,73.64 3 0
eduhub/server/mocks/DatabaseRepository.go:73.64,75.3 1 0
eduhub/server/mocks/DatabaseRepository.go:75.8,77.3 1 0
eduhub/server/mocks/DatabaseRepository.go:79.2,79.11 1 0
eduhub/server/mocks/DatabaseRepository.go:83.121,90.87 6 0
eduhub/server/mocks/DatabaseRepository.go:90.87,92.3 1 0
eduhub/server/mocks/DatabaseRepository.go:92.8,94.3 1 0
eduhub/server/mocks/DatabaseRepository.go:96.2,97.88 2 0
eduhub/server/mocks/DatabaseRepository.go:97.88,99.3 1 0
eduhub/server/mocks/DatabaseRepository.go:99.8,101.3 1 0
eduhub/server/mocks/DatabaseRepository.go:103.2,103.15 1 0
eduhub/server/mocks/DatabaseRepository.go:107.77,111.59 3 0
eduhub/server/mocks/DatabaseRepository.go:111.59,113.3 1 0
eduhub/server/mocks/DatabaseRepository.go:113.8,114.24 1 0
eduhub/server/mocks/DatabaseRepository.go:114.24,116.4 1 0
eduhub/server/mocks/DatabaseRepository.go:119.2,120.60 2 0
eduhub/server/mocks/DatabaseRepository.go:120.60,122.3 1 0
eduhub/server/mocks/DatabaseRepository.go:122.8,124.3 1 0
eduhub/server/mocks/DatabaseRepository.go:126.2,126.15 1 0
eduhub/server/mocks/DatabaseRepository.go:130.92,134.70 3 0
eduhub/server/mocks/DatabaseRepository.go:134.70,136.3 1 0
eduhub/server/mocks/DatabaseRepository.go:136.8,137.24 1 0
eduhub/server/mocks/DatabaseRepository.go:137.24,139.4 1 0
eduhub/server/mocks/DatabaseRepository.go:142.2,143.73 2 0
eduhub/server/mocks/DatabaseRepository.go:143.73,145.3 1 0
eduhub/server/mocks/DatabaseRepository.go:145.8,147.3 1 0
eduhub/server/mocks/DatabaseRepository.go:149.2,149.15 1 0
eduhub/server/mocks/DatabaseRepository.go:153.110,160.81 6 0
eduhub/server/mocks/DatabaseRepository.go:160.81,162.3 1 0
eduhub/server/mocks/DatabaseRepository.go:162.8,163.24 1 0
eduhub/server/mocks/DatabaseRepository.go:163.24,165.4 1 0
eduhub/server/mocks/DatabaseRepository.go:168.2,169.84 2 0
eduhub/server/mocks/DatabaseRepository.go:169.84,171.3 1 0
eduhub/server/mocks/DatabaseRepository.go:171.8,173.3 1 0
eduhub/server/mocks/DatabaseRepository.go:175.2,175.15 1 0
eduhub/server/mocks/DatabaseRepository.go:179.114,186.83 6 0
eduhub/server/mocks/DatabaseRepository.go:186.83,188.3 1 0
eduhub/server/mocks/DatabaseRepository.go:188.8,189.24 1 0
eduhub/server/mocks/DatabaseRepository.go:189.24,191.4 1 0
eduhub/server/mocks/DatabaseRepository.go:194.2,195.84 2 0
eduhub/server/mocks/DatabaseRepository.go:195.84,197.3 1 0
eduhub/server/mocks/DatabaseRepository.go:197.8,199.3 1 0
eduhub/server/mocks/DatabaseRepository.go:201.2,201.15 1 0
eduhub/server/mocks/DatabaseRepository.go:205.78,209.64 3 0
eduhub/server/mocks/DatabaseRepository.go:209.64,211.3 1 0
eduhub/server/mocks/DatabaseRepository.go:211.8,213.3 1 0
eduhub/server/mocks/DatabaseRepository.go:215.2,215.11 1 0
eduhub/server/mocks/DatabaseRepository.go:224.114,228.19 3 0
eduhub/server/mocks/DatabaseRepository.go:228.19,228.49 1 0
eduhub/server/mocks/DatabaseRepository.go:230.2,230.13 1 0
eduhub/server/mocks/EnrollmentRepository.go:18.108,22.80 3 0
eduhub/server/mocks/EnrollmentRepository.go:22.80,24.3 1 0
eduhub/server/mocks/EnrollmentRepository.go:24.8,26.3 1 0
eduhub/server/mocks/EnrollmentRepository.go:28.2,28.11 1 0
eduhub/server/mocks/EnrollmentRepository.go:32.130,36.74 3 0
eduhub/server/mocks/EnrollmentRepository.go:36.74,38.3 1 0
eduhub/server/mocks/EnrollmentRepository.go:38.8,40.3 1 0
eduhub/server/mocks/EnrollmentRepository.go:42.2,43.75 2 0
eduhub/server/mocks/EnrollmentRepository.go:43.75,45.3 1 0
eduhub/server/mocks/EnrollmentRepository.go:45.8,47.3 1 0
eduhub/server/mocks/EnrollmentRepository.go:49.2,49.15 1 0
eduhub/server/mocks/EnrollmentRepository.go:58.102,62.19 3 0
eduhub/server/mocks/EnrollmentRepository.go:62.19,62.49 1 0
eduhub/server/mocks/EnrollmentRepository.go:64.2,64.13 1 0
eduhub/server/mocks/KetoService.go:17.141,21.91 3 0
eduhub/server/mocks/KetoService.go:21.91,23.3 1 0
eduhub/server/mocks/KetoService.go:23.8,25.3 1 0
eduhub/server/mocks/KetoService.go:27.2,28.92 2 0
eduhub/server/mocks/KetoService.go:28.92,30.3 1 0
eduhub/server/mocks/KetoService.go:30.8,32.3 1 0
eduhub/server/mocks/KetoService.go:34.2,34.15 1 0
eduhub/server/mocks/KetoService.go:38.132,42.92 3 0
eduhub/server/mocks/KetoService.go:42.92,44.3 1 0
eduhub/server/mocks/KetoService.go:44.8,46.3 1 0
eduhub/server/mocks/KetoService.go:48.2,48.11 1 0
eduhub/server/mocks/KetoService.go:52.132,56.92 3 0
eduhub/server/mocks/KetoService.go:56.92,58.3 1 0
eduhub/server/mocks/KetoService.go:58.8,60.3 1 0
eduhub/server/mocks/KetoService.go:62.2,62.11 1 0
eduhub/server/mocks/KetoService.go:71.75,75.19 3 0
eduhub/server/mocks/KetoService.go:75.19,75.49 1 0
eduhub/server/mocks/KetoService.go:77.2,77.13 1 0
eduhub/server/mocks/Logger.go:13.60,18.2 4 0
eduhub/server/mocks/Logger.go:21.59,26.2 4 0
eduhub/server/mocks/Logger.go:34.60,38.19 3 0
eduhub/server/mocks/Logger.go:38.19,38.49 1 0
eduhub/server/mocks/Logger.go:40.2,40.13 1 0
eduhub/server/mocks/StudentRepository.go:18.96,22.77 3 0
eduhub/server/mocks/StudentRepository.go:22.77,24.3 1 0
eduhub/server/mocks/StudentRepository.go:24.8,26.3 1 0
eduhub/server/mocks/StudentRepository.go:28.2,28.11 1 0
eduhub/server/mocks/StudentRepository.go:32.108,36.78 3 0
eduhub/server/mocks/StudentRepository.go:36.78,38.3 1 0
eduhub/server/mocks/StudentRepository.go:38.8,39.24 1 0
eduhub/server/mocks/StudentRepository.go:39.24,41.4 1 0
eduhub/server/mocks/StudentRepository.go:44.2,45.68 2 0
eduhub/server/mocks/StudentRepository.go:45.68,47.3 1 0
eduhub/server/mocks/StudentRepository.go:47.8,49.3 1 0
eduhub/server/mocks/StudentRepository.go:51.2,51.15 1 0
eduhub/server/mocks/StudentRepository.go:55.86,59.68 3 0
eduhub/server/mocks/StudentRepository.go:59.68,61.3 1 0
eduhub/server/mocks/StudentRepository.go:61.8,63.3 1 0
eduhub/server/mocks/StudentRepository.go:65.2,65.11 1 0
eduhub/server/mocks/StudentRepository.go:69.121,73.80 3 0
eduhub/server/mocks/StudentRepository.go:73.80,75.3 1 0
eduhub/server/mocks/StudentRepository.go:75.8,76.24 1 0
eduhub/server/mocks/StudentRepository.go:76.24,78.4 1 0
eduhub/server/mocks/StudentRepository.go:81.2,82.70 2 0
eduhub/server/mocks/StudentRepository.go:82.70,84.3 1 0
eduhub/server/mocks/StudentRepository.go:84.8,86.3 1 0
eduhub/server/mocks/StudentRepository.go:88.2,88.15 1 0
eduhub/server/mocks/StudentRepository.go:92.110,96.78 3 0
eduhub/server/mocks/StudentRepository.go:96.78,98.3 1 0
eduhub/server/mocks/StudentRepository.go:98.8,99.24 1 0
eduhub/server/mocks/StudentRepository.go:99.24,101.4 1 0
eduhub/server/mocks/StudentRepository.go:104.2,105.68 2 0
eduhub/server/mocks/StudentRepository.go:105.68,107.3 1 0
eduhub/server/mocks/StudentRepository.go:107.8,109.3 1 0
eduhub/server/mocks/StudentRepository.go:111.2,111.15 1 0
eduhub/server/mocks/StudentRepository.go:115.88,119.68 3 0
eduhub/server/mocks/StudentRepository.go:119.68,121.3 1 0
eduhub/server/mocks/StudentRepository.go:121.8,123.3 1 0
eduhub/server/mocks/StudentRepository.go:125.2,125.11 1 0
eduhub/server/mocks/StudentRepository.go:129.94,133.77 3 0
eduhub/server/mocks/StudentRepository.go:133.77,135.3 1 0
eduhub/server/mocks/StudentRepository.go:135.8,137.3 1 0
eduhub/server/mocks/StudentRepository.go:139.2,139.11 1 0
eduhub/server/mocks/StudentRepository.go:148.93,152.19 3 0
eduhub/server/mocks/StudentRepository.go:152.19,152.49 1 0
eduhub/server/mocks/StudentRepository.go:154.2,154.13 1 0
eduhub/server/mocks/StudentService.go:18.89,22.77 3 0
eduhub/server/mocks/StudentService.go:22.77,24.3 1 0
eduhub/server/mocks/StudentService.go:24.8,26.3 1 0
eduhub/server/mocks/StudentService.go:28.2,28.11 1 0
eduhub/server/mocks/StudentService.go:32.105,36.78 3 0
eduhub/server/mocks/StudentService.go:36.78,38.3 1 0
eduhub/server/mocks/StudentService.go:38.8,39.24 1 0
eduhub/server/mocks/StudentService.go:39.24,41.4 1 0
eduhub/server/mocks/StudentService.go:44.2,45.68 2 0
eduhub/server/mocks/StudentService.go:45.68,47.3 1 0
eduhub/server/mocks/StudentService.go:47.8,49.3 1 0
eduhub/server/mocks/StudentService.go:51.2,51.15 1 0
eduhub/server/mocks/StudentService.go:55.83,59.68 3 0
eduhub/server/mocks/StudentService.go:59.68,61.3 1 0
eduhub/server/mocks/StudentService.go:61.8,63.3 1 0
eduhub/server/mocks/StudentService.go:65.2,65.11 1 0
eduhub/server/mocks/StudentService.go:69.118,73.80 3 0
eduhub/server/mocks/StudentService.go:73.80,75.3 1 0
eduhub/server/mocks/StudentService.go:75.8,76.24 1 0
eduhub/server/mocks/StudentService.go:76.24,78.4 1 0
eduhub/server/mocks/StudentService.go:81.2,82.70 2 0
eduhub/server/mocks/StudentService.go:82.70,84.3 1 0
eduhub/server/mocks/StudentService.go:84.8,86.3 1 0
eduhub/server/mocks/StudentService.go:88.2,88.15 1 0
eduhub/server/mocks/StudentService.go:92.107,96.78 3 0
eduhub/server/mocks/StudentService.go:96.78,98.3 1 0
eduhub/server/mocks/StudentService.go:98.8,99.24 1 0
eduhub/server/mocks/StudentService.go:99.24,101.4 1 0
eduhub/server/mocks/StudentService.go:104.2,105.68 2 0
eduhub/server/mocks/StudentService.go:105.68,107.3 1 0
eduhub/server/mocks/StudentService.go:107.8,109.3 1 0
eduhub/server/mocks/StudentService.go:111.2,111.15 1 0
eduhub/server/mocks/StudentService.go:115.85,119.68 3 0
eduhub/server/mocks/StudentService.go:119.68,121.3 1 0
eduhub/server/mocks/StudentService.go:121.8,123.3 1 0
eduhub/server/mocks/StudentService.go:125.2,125.11 1 0
eduhub/server/mocks/StudentService.go:129.91,133.77 3 0
eduhub/server/mocks/StudentService.go:133.77,135.3 1 0
eduhub/server/mocks/StudentService.go:135.8,137.3 1 0
eduhub/server/mocks/StudentService.go:139.2,139.11 1 0
eduhub/server/mocks/StudentService.go:143.130,147.74 3 0
eduhub/server/mocks/StudentService.go:147.74,149.3 1 0
eduhub/server/mocks/StudentService.go:149.8,151.3 1 0
eduhub/server/mocks/StudentService.go:153.2,154.75 2 0
eduhub/server/mocks/StudentService.go:154.75,156.3 1 0
eduhub/server/mocks/StudentService.go:156.8,158.3 1 0
eduhub/server/mocks/StudentService.go:160.2,160.15 1 0
eduhub/server/mocks/StudentService.go:169.84,173.19 3 0
eduhub/server/mocks/StudentService.go:173.19,173.49 1 0
eduhub/server/mocks/StudentService.go:175.2,175.13 1 0
eduhub/server/mocks/SystemService.go:17.65,21.60 3 0
eduhub/server/mocks/SystemService.go:21.60,23.3 1 0
eduhub/server/mocks/SystemService.go:23.8,25.3 1 0
eduhub/server/mocks/SystemService.go:27.2,27.11 1 0
eduhub/server/mocks/SystemService.go:36.81,40.19 3 0
eduhub/server/mocks/SystemService.go:40.19,40.49 1 0
eduhub/server/mocks/SystemService.go:42.2,42.13 1 0
eduhub/server/mocks/UserRepository.go:18.84,22.74 3 0
eduhub/server/mocks/UserRepository.go:22.74,24.3 1 0
eduhub/server/mocks/UserRepository.go:24.8,26.3 1 0
eduhub/server/mocks/UserRepository.go:28.2,28.11 1 0
eduhub/server/mocks/UserRepository.go:32.80,36.68 3 0
eduhub/server/mocks/UserRepository.go:36.68,38.3 1 0
eduhub/server/mocks/UserRepository.go:38.8,40.3 1 0
eduhub/server/mocks/UserRepository.go:42.2,42.11 1 0
eduhub/server/mocks/UserRepository.go:46.98,50.75 3 0
eduhub/server/mocks/UserRepository.go:50.75,52.3 1 0
eduhub/server/mocks/UserRepository.go:52.8,53.24 1 0
eduhub/server/mocks/UserRepository.go:53.24,55.4 1 0
eduhub/server/mocks/UserRepository.go:58.2,59.68 2 0
eduhub/server/mocks/UserRepository.go:59.68,61.3 1 0
eduhub/server/mocks/UserRepository.go:61.8,63.3 1 0
eduhub/server/mocks/UserRepository.go:65.2,65.15 1 0
eduhub/server/mocks/UserRepository.go:69.80,73.68 3 0
eduhub/server/mocks/UserRepository.go:73.68,75.3 1 0
eduhub/server/mocks/UserRepository.go:75.8,77.3 1 0
eduhub/server/mocks/UserRepository.go:79.2,79.11 1 0
eduhub/server/mocks/UserRepository.go:83.84,87.74 3 0
eduhub/server/mocks/UserRepository.go:87.74,89.3 1 0
eduhub/server/mocks/UserRepository.go:89.8,91.3 1 0
eduhub/server/mocks/UserRepository.go:93.2,93.11 1 0
eduhub/server/mocks/UserRepository.go:102.84,106.19 3 0
eduhub/server/mocks/UserRepository.go:106.19,106.49 1 0
eduhub/server/mocks/UserRepository.go:108.2,108.13 1 0
eduhub/server/internal/config/auth_config.go:21.44,34.53 2 7
eduhub/server/internal/config/auth_config.go:34.53,36.3 1 3
eduhub/server/internal/config/auth_config.go:38.2,38.20 1 4
eduhub/server/internal/config/database_config.go:24.46,32.89 7 11
eduhub/server/internal/config/database_config.go:32.89,34.3 1 2
eduhub/server/internal/config/database_config.go:36.2,37.16 2 9
eduhub/server/internal/config/database_config.go:37.16,39.3 1 1
eduhub/server/internal/config/database_config.go:41.2,41.21 1 8
eduhub/server/internal/config/database_config.go:41.21,43.3 1 7
eduhub/server/internal/config/database_config.go:45.2,52.8 1 8
eduhub/server/internal/config/database_config.go:55.29,57.16 2 3
eduhub/server/internal/config/database_config.go:57.16,59.3 1 0
eduhub/server/internal/config/database_config.go:60.2,65.11 4 3
eduhub/server/internal/config/database_config.go:68.39,72.2 1 5
eduhub/server/internal/config/load_config.go:16.35,18.16 2 4
eduhub/server/internal/config/load_config.go:18.16,20.3 1 1
eduhub/server/internal/config/load_config.go:21.2,23.16 3 3
eduhub/server/internal/config/load_config.go:23.16,25.3 1 1
eduhub/server/internal/config/load_config.go:27.2,35.17 3 2
eduhub/server/internal/config/load_config.go:38.36,40.2 1 4
